<?xml version="1.0" encoding="UTF-8"?>
<testng-results ignored="0" total="1" passed="1" failed="0" skipped="0">
  <reporter-output>
  </reporter-output>
  <suite started-at="2022-01-24T17:55:32 IST" name="Default suite" finished-at="2022-01-24T17:55:32 IST" duration-ms="94">
    <groups>
    </groups>
    <test started-at="2022-01-24T17:55:32 IST" name="Default test" finished-at="2022-01-24T17:55:32 IST" duration-ms="94">
      <class name="comcast.SDET29.Demo">
        <test-method signature="Test()[pri:0, instance:comcast.SDET29.Demo@460d0a57]" started-at="2022-01-24T17:55:32 IST" name="Test" finished-at="2022-01-24T17:55:32 IST" duration-ms="14" status="PASS">
          <reporter-output>
          </reporter-output>
        </test-method> <!-- Test -->
      </class> <!-- comcast.SDET29.Demo -->
    </test> <!-- Default test -->
  </suite> <!-- Default suite -->
</testng-results>
